 
****************************************
Report : timing
        -path full
        -delay min
        -max_paths 1
Design : cpu
Version: N-2017.09-SP5
Date   : Tue Dec 11 21:02:31 2018
****************************************

Operating Conditions: NCCOM   Library: tcbn40lpbwptc
Wire Load Model Mode: segmented

  Startpoint: memwb/flagwe/CELL_0/STATE_ELEMENT/state_reg
              (rising edge-triggered flip-flop clocked by clk)
  Endpoint: flagRegister/flagN/state_reg
            (rising edge-triggered flip-flop clocked by clk)
  Path Group: clk
  Path Type: min

  Des/Clust/Port     Wire Load Model       Library
  ------------------------------------------------
  cpu                TSMC32K_Lowk_Conservative
                                           tcbn40lpbwptc

  Point                                                   Incr       Path
  --------------------------------------------------------------------------
  clock clk (rise edge)                                   0.00       0.00
  clock network delay (ideal)                             0.00       0.00
  memwb/flagwe/CELL_0/STATE_ELEMENT/state_reg/CP (EDFKCNQD1BWP)
                                                          0.00       0.00 r
  memwb/flagwe/CELL_0/STATE_ELEMENT/state_reg/Q (EDFKCNQD1BWP)
                                                          0.12       0.12 f
  memwb/flagwe/CELL_0/Bitline1_tri/Z (BUFTD1BWP)          0.06       0.18 f
  flagRegister/flagN/state_reg/E (EDFKCNQD1BWP)           0.00       0.18 f
  data arrival time                                                  0.18

  clock clk (rise edge)                                   0.00       0.00
  clock network delay (ideal)                             0.00       0.00
  clock uncertainty                                       0.15       0.15
  flagRegister/flagN/state_reg/CP (EDFKCNQD1BWP)          0.00       0.15 r
  library hold time                                      -0.02       0.13
  data required time                                                 0.13
  --------------------------------------------------------------------------
  data required time                                                 0.13
  data arrival time                                                 -0.18
  --------------------------------------------------------------------------
  slack (MET)                                                        0.05


1
